<?xml version="1.0" encoding="utf-8"?><testsuites name="pytest tests"><testsuite name="pytest" errors="2" failures="40" skipped="0" tests="54" time="179.960" timestamp="2025-06-24T17:04:58.625184+05:30" hostname="MacBook-Pro-4.local"><testcase classname="tests.integration.test_backtest_workflow.TestBacktestOrchestratorIntegration" name="test_run_single_backtest_success" time="0.006"><error message="failed on setup with &quot;NameError: name 'dt_to_unix_nanos' is not defined&quot;">@pytest.fixture
    def mock_data_manager():
        mock = Mock(spec=DataManager)
        mock.get_all_instrument_ids = MagicMock(return_value=["NIFTY.OPT.19Jun2025.24800.PUT.NSE"])
        mock.validate_instrument_data = MagicMock(return_value=True)
    
        # Mock instrument object
        mock_instrument_obj = Mock()
        mock_instrument_obj.id = "NIFTY.OPT.19Jun2025.24800.PUT.NSE"
        mock_instrument_obj.currency = Mock()
        mock_instrument_obj.currency.value = "INR"
    
        mock.get_instrument = MagicMock(return_value=mock_instrument_obj)
    
        # Mock quote ticks (simplified)
        mock_ticks = [
&gt;           Mock(ts_event=dt_to_unix_nanos(datetime(2025, 6, 18, 9, 15, 0, tzinfo=timezone.utc))),
                          ^^^^^^^^^^^^^^^^
            Mock(ts_event=dt_to_unix_nanos(datetime(2025, 6, 18, 9, 16, 0, tzinfo=timezone.utc))),
        ]
E       NameError: name 'dt_to_unix_nanos' is not defined

tests/integration/test_backtest_workflow.py:89: NameError</error></testcase><testcase classname="tests.integration.test_backtest_workflow.TestBacktestOrchestratorIntegration" name="test_run_single_backtest_data_not_available" time="0.001"><error message="failed on setup with &quot;NameError: name 'dt_to_unix_nanos' is not defined&quot;">@pytest.fixture
    def mock_data_manager():
        mock = Mock(spec=DataManager)
        mock.get_all_instrument_ids = MagicMock(return_value=["NIFTY.OPT.19Jun2025.24800.PUT.NSE"])
        mock.validate_instrument_data = MagicMock(return_value=True)
    
        # Mock instrument object
        mock_instrument_obj = Mock()
        mock_instrument_obj.id = "NIFTY.OPT.19Jun2025.24800.PUT.NSE"
        mock_instrument_obj.currency = Mock()
        mock_instrument_obj.currency.value = "INR"
    
        mock.get_instrument = MagicMock(return_value=mock_instrument_obj)
    
        # Mock quote ticks (simplified)
        mock_ticks = [
&gt;           Mock(ts_event=dt_to_unix_nanos(datetime(2025, 6, 18, 9, 15, 0, tzinfo=timezone.utc))),
                          ^^^^^^^^^^^^^^^^
            Mock(ts_event=dt_to_unix_nanos(datetime(2025, 6, 18, 9, 16, 0, tzinfo=timezone.utc))),
        ]
E       NameError: name 'dt_to_unix_nanos' is not defined

tests/integration/test_backtest_workflow.py:89: NameError</error></testcase><testcase classname="tests.integration.test_batch_runner_integration.TestBatchRunnerIntegration" name="test_run_batch_backtests" time="0.001"><failure message="TypeError: BatchBacktestRunner.__init__() got an unexpected keyword argument 'config_file'">self = &lt;tests.integration.test_batch_runner_integration.TestBatchRunnerIntegration object at 0x1381da850&gt;
mock_backtest_orchestrator = &lt;Mock id='5252247776'&gt;
mock_report_generator_for_batch = &lt;Mock id='5252248448'&gt;
tmp_path = PosixPath('/private/var/folders/vn/jyys7lwd3579v3jfh3xj1cw40000gn/T/pytest-of-nitindhawan/pytest-0/test_run_batch_backtests0')

        def test_run_batch_backtests(self,
                                      mock_backtest_orchestrator,
                                      mock_report_generator_for_batch,
                                      tmp_path):
            # Dummy list of instruments to process
            instrument_ids = ["SUCCESS.INST.1", "FAILED.INST.2", "SUCCESS.INST.3"]
    
            # Create a dummy config file for the batch runner
            config_file_path = tmp_path / "batch_config.yaml"
            config_file_path.write_text("""
    start_time: 2025-06-18T09:15:00
    end_time: 2025-06-18T09:16:00
    catalog_path: /mock/catalog/path
    """)
    
&gt;           runner = BatchBacktestRunner(
                config_file=str(config_file_path),
                report_path=mock_report_generator_for_batch.base_dir,
                orchestrator=mock_backtest_orchestrator,
                report_generator=mock_report_generator_for_batch
            )
E           TypeError: BatchBacktestRunner.__init__() got an unexpected keyword argument 'config_file'

tests/integration/test_batch_runner_integration.py:111: TypeError</failure></testcase><testcase classname="tests.integration.test_batch_runner_integration.TestBatchRunnerIntegration" name="test_run_all_instruments_backtests" time="0.001"><failure message="AttributeError: 'list_iterator' object has no attribute 'append'">self = &lt;tests.integration.test_batch_runner_integration.TestBatchRunnerIntegration object at 0x1381da710&gt;
mock_backtest_orchestrator = &lt;Mock id='5252249792'&gt;
mock_report_generator_for_batch = &lt;Mock id='5252250464'&gt;
tmp_path = PosixPath('/private/var/folders/vn/jyys7lwd3579v3jfh3xj1cw40000gn/T/pytest-of-nitindhawan/pytest-0/test_run_all_instruments_backt0')

    def test_run_all_instruments_backtests(self,
                                           mock_backtest_orchestrator,
                                           mock_report_generator_for_batch,
                                           tmp_path):
        # Configure mock_backtest_orchestrator for more instruments if needed
        # (The side_effect defined in the fixture will handle the first 3)
&gt;       mock_backtest_orchestrator.run_single_backtest.side_effect.append({
        ^^^^^^^^^^^^^^^^^^^^^^^^^^^^^^^^^^^^^^^^^^^^^^^^^^^^^^^^^^^^^^^^^
            "instrument_id": "SUCCESS.INST.4",
            "status": "SUCCESS",
            "pnl_total": 200.0,
            "pnl_pct_total": 0.02,
            "total_trades": 2,
            "sharpe_ratio": 0.5,
            "max_drawdown": 0.01,
            "log_file_path": "/tmp/log4.log"
        })
E       AttributeError: 'list_iterator' object has no attribute 'append'

tests/integration/test_batch_runner_integration.py:153: AttributeError</failure></testcase><testcase classname="tests.test_modularization" name="test_single_instrument_report_format" time="0.808"><failure message="Failed: Expected None, but test returned False. Did you mean to use `assert` instead of `return`?">Expected None, but test returned False. Did you mean to use `assert` instead of `return`?</failure></testcase><testcase classname="tests.test_modularization" name="test_ten_instruments_batch_report_format" time="3.046"><failure message="Failed: Expected None, but test returned False. Did you mean to use `assert` instead of `return`?">Expected None, but test returned False. Did you mean to use `assert` instead of `return`?</failure></testcase><testcase classname="tests.test_modularization" name="test_all_instruments_batch_report_format" time="173.904"><failure message="Failed: Expected None, but test returned False. Did you mean to use `assert` instead of `return`?">Expected None, but test returned False. Did you mean to use `assert` instead of `return`?</failure></testcase><testcase classname="tests.test_modularization" name="test_imports" time="0.023"><failure message="Failed: Expected None, but test returned False. Did you mean to use `assert` instead of `return`?">Expected None, but test returned False. Did you mean to use `assert` instead of `return`?</failure></testcase><testcase classname="tests.test_modularization" name="test_config_loader" time="0.001"><failure message="Failed: Expected None, but test returned True. Did you mean to use `assert` instead of `return`?">Expected None, but test returned True. Did you mean to use `assert` instead of `return`?</failure></testcase><testcase classname="tests.test_modularization" name="test_strategy_config" time="0.011"><failure message="Failed: Expected None, but test returned True. Did you mean to use `assert` instead of `return`?">Expected None, but test returned True. Did you mean to use `assert` instead of `return`?</failure></testcase><testcase classname="tests.test_modularization" name="test_backtest_runner" time="0.007"><failure message="Failed: Expected None, but test returned False. Did you mean to use `assert` instead of `return`?">Expected None, but test returned False. Did you mean to use `assert` instead of `return`?</failure></testcase><testcase classname="tests.unit.test_config_loader.TestBacktestConfigLoader" name="test_load_config_success" time="0.002"><failure message="json.decoder.JSONDecodeError: Invalid JSON in configuration file: Expecting value: line 2 column 1 (char 1): line 2 column 1 (char 1)">self = &lt;backtest_utils.config_loader.BacktestConfigLoader object at 0x1390efa10&gt;

    def load_config(self) -&gt; Dict[str, Any]:
        """
        Load configuration from the specified file.
    
        Returns:
            Dictionary containing configuration parameters
    
        Raises:
            FileNotFoundError: If the config file doesn't exist
            json.JSONDecodeError: If the JSON file is malformed
        """
        try:
            with open(self.config_file, 'r') as f:
&gt;               self.config = json.load(f)
                              ^^^^^^^^^^^^

src/backtest_utils/config_loader.py:39: 
_ _ _ _ _ _ _ _ _ _ _ _ _ _ _ _ _ _ _ _ _ _ _ _ _ _ _ _ _ _ _ _ _ _ _ _ _ _ _ _ _ _ _ _ _ _ _ _ _ _ _ _ _ _ 
/Library/Frameworks/Python.framework/Versions/3.13/lib/python3.13/json/__init__.py:293: in load
    return loads(fp.read(),
/Library/Frameworks/Python.framework/Versions/3.13/lib/python3.13/json/__init__.py:346: in loads
    return _default_decoder.decode(s)
           ^^^^^^^^^^^^^^^^^^^^^^^^^^
/Library/Frameworks/Python.framework/Versions/3.13/lib/python3.13/json/decoder.py:345: in decode
    obj, end = self.raw_decode(s, idx=_w(s, 0).end())
               ^^^^^^^^^^^^^^^^^^^^^^^^^^^^^^^^^^^^^^
_ _ _ _ _ _ _ _ _ _ _ _ _ _ _ _ _ _ _ _ _ _ _ _ _ _ _ _ _ _ _ _ _ _ _ _ _ _ _ _ _ _ _ _ _ _ _ _ _ _ _ _ _ _ 

self = &lt;json.decoder.JSONDecoder object at 0x1049af620&gt;
s = '\ninstrument_id: TEST.INST.ID\nstart_time: 2025-01-01T00:00:00\nend_time: 2025-01-02T00:00:00\ncatalog_path: /tmp/catalog\nsl_pct: 0.01\ntp_pct: 0.02\n'
idx = 1

    def raw_decode(self, s, idx=0):
        """Decode a JSON document from ``s`` (a ``str`` beginning with
        a JSON document) and return a 2-tuple of the Python
        representation and the index in ``s`` where the document ended.
    
        This can be used to decode a JSON document from a string that may
        have extraneous data at the end.
    
        """
        try:
            obj, end = self.scan_once(s, idx)
        except StopIteration as err:
&gt;           raise JSONDecodeError("Expecting value", s, err.value) from None
E           json.decoder.JSONDecodeError: Expecting value: line 2 column 1 (char 1)

/Library/Frameworks/Python.framework/Versions/3.13/lib/python3.13/json/decoder.py:363: JSONDecodeError

During handling of the above exception, another exception occurred:

self = &lt;tests.unit.test_config_loader.TestBacktestConfigLoader object at 0x1381daad0&gt;
setup_config_file = '/private/var/folders/vn/jyys7lwd3579v3jfh3xj1cw40000gn/T/pytest-of-nitindhawan/pytest-0/test_load_config_success0/test_strategy.yaml'

    def test_load_config_success(self, setup_config_file):
        config_loader = BacktestConfigLoader(setup_config_file)
&gt;       config = config_loader.load_config()
                 ^^^^^^^^^^^^^^^^^^^^^^^^^^^

tests/unit/test_config_loader.py:67: 
_ _ _ _ _ _ _ _ _ _ _ _ _ _ _ _ _ _ _ _ _ _ _ _ _ _ _ _ _ _ _ _ _ _ _ _ _ _ _ _ _ _ _ _ _ _ _ _ _ _ _ _ _ _ 

self = &lt;backtest_utils.config_loader.BacktestConfigLoader object at 0x1390efa10&gt;

    def load_config(self) -&gt; Dict[str, Any]:
        """
        Load configuration from the specified file.
    
        Returns:
            Dictionary containing configuration parameters
    
        Raises:
            FileNotFoundError: If the config file doesn't exist
            json.JSONDecodeError: If the JSON file is malformed
        """
        try:
            with open(self.config_file, 'r') as f:
                self.config = json.load(f)
            return self.config
        except FileNotFoundError:
            raise FileNotFoundError(f"Configuration file not found: {self.config_file}")
        except json.JSONDecodeError as e:
&gt;           raise json.JSONDecodeError(f"Invalid JSON in configuration file: {e}", e.doc, e.pos)
E           json.decoder.JSONDecodeError: Invalid JSON in configuration file: Expecting value: line 2 column 1 (char 1): line 2 column 1 (char 1)

src/backtest_utils/config_loader.py:44: JSONDecodeError</failure></testcase><testcase classname="tests.unit.test_config_loader.TestBacktestConfigLoader" name="test_load_config_file_not_found" time="0.000" /><testcase classname="tests.unit.test_config_loader.TestBacktestConfigLoader" name="test_load_config_invalid_yaml" time="0.001"><failure message="AssertionError: Regex pattern did not match.&#10; Regex: 'Invalid YAML in configuration file'&#10; Input: 'Invalid JSON in configuration file: Expecting value: line 1 column 1 (char 0): line 1 column 1 (char 0)'">self = &lt;backtest_utils.config_loader.BacktestConfigLoader object at 0x13957aad0&gt;

    def load_config(self) -&gt; Dict[str, Any]:
        """
        Load configuration from the specified file.
    
        Returns:
            Dictionary containing configuration parameters
    
        Raises:
            FileNotFoundError: If the config file doesn't exist
            json.JSONDecodeError: If the JSON file is malformed
        """
        try:
            with open(self.config_file, 'r') as f:
&gt;               self.config = json.load(f)
                              ^^^^^^^^^^^^

src/backtest_utils/config_loader.py:39: 
_ _ _ _ _ _ _ _ _ _ _ _ _ _ _ _ _ _ _ _ _ _ _ _ _ _ _ _ _ _ _ _ _ _ _ _ _ _ _ _ _ _ _ _ _ _ _ _ _ _ _ _ _ _ 
/Library/Frameworks/Python.framework/Versions/3.13/lib/python3.13/json/__init__.py:293: in load
    return loads(fp.read(),
/Library/Frameworks/Python.framework/Versions/3.13/lib/python3.13/json/__init__.py:346: in loads
    return _default_decoder.decode(s)
           ^^^^^^^^^^^^^^^^^^^^^^^^^^
/Library/Frameworks/Python.framework/Versions/3.13/lib/python3.13/json/decoder.py:345: in decode
    obj, end = self.raw_decode(s, idx=_w(s, 0).end())
               ^^^^^^^^^^^^^^^^^^^^^^^^^^^^^^^^^^^^^^
_ _ _ _ _ _ _ _ _ _ _ _ _ _ _ _ _ _ _ _ _ _ _ _ _ _ _ _ _ _ _ _ _ _ _ _ _ _ _ _ _ _ _ _ _ _ _ _ _ _ _ _ _ _ 

self = &lt;json.decoder.JSONDecoder object at 0x1049af620&gt;, s = 'key: [invalid: yaml', idx = 0

    def raw_decode(self, s, idx=0):
        """Decode a JSON document from ``s`` (a ``str`` beginning with
        a JSON document) and return a 2-tuple of the Python
        representation and the index in ``s`` where the document ended.
    
        This can be used to decode a JSON document from a string that may
        have extraneous data at the end.
    
        """
        try:
            obj, end = self.scan_once(s, idx)
        except StopIteration as err:
&gt;           raise JSONDecodeError("Expecting value", s, err.value) from None
E           json.decoder.JSONDecodeError: Expecting value: line 1 column 1 (char 0)

/Library/Frameworks/Python.framework/Versions/3.13/lib/python3.13/json/decoder.py:363: JSONDecodeError

During handling of the above exception, another exception occurred:

self = &lt;tests.unit.test_config_loader.TestBacktestConfigLoader object at 0x12d6bfbb0&gt;
tmp_path = PosixPath('/private/var/folders/vn/jyys7lwd3579v3jfh3xj1cw40000gn/T/pytest-of-nitindhawan/pytest-0/test_load_config_invalid_yaml0')

    def test_load_config_invalid_yaml(self, tmp_path):
        malformed_yaml = tmp_path / "malformed.yaml"
        malformed_yaml.write_text("key: [invalid: yaml")
        with pytest.raises(ValueError, match="Invalid YAML in configuration file"):
&gt;           BacktestConfigLoader(str(malformed_yaml)).load_config()

tests/unit/test_config_loader.py:80: 
_ _ _ _ _ _ _ _ _ _ _ _ _ _ _ _ _ _ _ _ _ _ _ _ _ _ _ _ _ _ _ _ _ _ _ _ _ _ _ _ _ _ _ _ _ _ _ _ _ _ _ _ _ _ 

self = &lt;backtest_utils.config_loader.BacktestConfigLoader object at 0x13957aad0&gt;

    def load_config(self) -&gt; Dict[str, Any]:
        """
        Load configuration from the specified file.
    
        Returns:
            Dictionary containing configuration parameters
    
        Raises:
            FileNotFoundError: If the config file doesn't exist
            json.JSONDecodeError: If the JSON file is malformed
        """
        try:
            with open(self.config_file, 'r') as f:
                self.config = json.load(f)
            return self.config
        except FileNotFoundError:
            raise FileNotFoundError(f"Configuration file not found: {self.config_file}")
        except json.JSONDecodeError as e:
&gt;           raise json.JSONDecodeError(f"Invalid JSON in configuration file: {e}", e.doc, e.pos)
E           json.decoder.JSONDecodeError: Invalid JSON in configuration file: Expecting value: line 1 column 1 (char 0): line 1 column 1 (char 0)

src/backtest_utils/config_loader.py:44: JSONDecodeError

During handling of the above exception, another exception occurred:

self = &lt;tests.unit.test_config_loader.TestBacktestConfigLoader object at 0x12d6bfbb0&gt;
tmp_path = PosixPath('/private/var/folders/vn/jyys7lwd3579v3jfh3xj1cw40000gn/T/pytest-of-nitindhawan/pytest-0/test_load_config_invalid_yaml0')

    def test_load_config_invalid_yaml(self, tmp_path):
        malformed_yaml = tmp_path / "malformed.yaml"
        malformed_yaml.write_text("key: [invalid: yaml")
&gt;       with pytest.raises(ValueError, match="Invalid YAML in configuration file"):
             ^^^^^^^^^^^^^^^^^^^^^^^^^^^^^^^^^^^^^^^^^^^^^^^^^^^^^^^^^^^^^^^^^^^^^
E       AssertionError: Regex pattern did not match.
E        Regex: 'Invalid YAML in configuration file'
E        Input: 'Invalid JSON in configuration file: Expecting value: line 1 column 1 (char 0): line 1 column 1 (char 0)'

tests/unit/test_config_loader.py:79: AssertionError</failure></testcase><testcase classname="tests.unit.test_config_loader.TestBacktestConfigLoader" name="test_get_config_value" time="0.001"><failure message="json.decoder.JSONDecodeError: Invalid JSON in configuration file: Expecting value: line 2 column 1 (char 1): line 2 column 1 (char 1)">self = &lt;backtest_utils.config_loader.BacktestConfigLoader object at 0x13952df30&gt;

    def load_config(self) -&gt; Dict[str, Any]:
        """
        Load configuration from the specified file.
    
        Returns:
            Dictionary containing configuration parameters
    
        Raises:
            FileNotFoundError: If the config file doesn't exist
            json.JSONDecodeError: If the JSON file is malformed
        """
        try:
            with open(self.config_file, 'r') as f:
&gt;               self.config = json.load(f)
                              ^^^^^^^^^^^^

src/backtest_utils/config_loader.py:39: 
_ _ _ _ _ _ _ _ _ _ _ _ _ _ _ _ _ _ _ _ _ _ _ _ _ _ _ _ _ _ _ _ _ _ _ _ _ _ _ _ _ _ _ _ _ _ _ _ _ _ _ _ _ _ 
/Library/Frameworks/Python.framework/Versions/3.13/lib/python3.13/json/__init__.py:293: in load
    return loads(fp.read(),
/Library/Frameworks/Python.framework/Versions/3.13/lib/python3.13/json/__init__.py:346: in loads
    return _default_decoder.decode(s)
           ^^^^^^^^^^^^^^^^^^^^^^^^^^
/Library/Frameworks/Python.framework/Versions/3.13/lib/python3.13/json/decoder.py:345: in decode
    obj, end = self.raw_decode(s, idx=_w(s, 0).end())
               ^^^^^^^^^^^^^^^^^^^^^^^^^^^^^^^^^^^^^^
_ _ _ _ _ _ _ _ _ _ _ _ _ _ _ _ _ _ _ _ _ _ _ _ _ _ _ _ _ _ _ _ _ _ _ _ _ _ _ _ _ _ _ _ _ _ _ _ _ _ _ _ _ _ 

self = &lt;json.decoder.JSONDecoder object at 0x1049af620&gt;
s = '\ninstrument_id: TEST.INST.ID\nstart_time: 2025-01-01T00:00:00\nend_time: 2025-01-02T00:00:00\ncatalog_path: /tmp/catalog\nsl_pct: 0.01\ntp_pct: 0.02\n'
idx = 1

    def raw_decode(self, s, idx=0):
        """Decode a JSON document from ``s`` (a ``str`` beginning with
        a JSON document) and return a 2-tuple of the Python
        representation and the index in ``s`` where the document ended.
    
        This can be used to decode a JSON document from a string that may
        have extraneous data at the end.
    
        """
        try:
            obj, end = self.scan_once(s, idx)
        except StopIteration as err:
&gt;           raise JSONDecodeError("Expecting value", s, err.value) from None
E           json.decoder.JSONDecodeError: Expecting value: line 2 column 1 (char 1)

/Library/Frameworks/Python.framework/Versions/3.13/lib/python3.13/json/decoder.py:363: JSONDecodeError

During handling of the above exception, another exception occurred:

self = &lt;tests.unit.test_config_loader.TestBacktestConfigLoader object at 0x12d6bfce0&gt;
setup_config_file = '/private/var/folders/vn/jyys7lwd3579v3jfh3xj1cw40000gn/T/pytest-of-nitindhawan/pytest-0/test_get_config_value0/test_strategy.yaml'

    def test_get_config_value(self, setup_config_file):
        config_loader = BacktestConfigLoader(setup_config_file)
&gt;       value = config_loader.get("sl_pct")
                ^^^^^^^^^^^^^^^^^^^^^^^^^^^

tests/unit/test_config_loader.py:84: 
_ _ _ _ _ _ _ _ _ _ _ _ _ _ _ _ _ _ _ _ _ _ _ _ _ _ _ _ _ _ _ _ _ _ _ _ _ _ _ _ _ _ _ _ _ _ _ _ _ _ _ _ _ _ 
src/backtest_utils/config_loader.py:58: in get
    self.load_config()
_ _ _ _ _ _ _ _ _ _ _ _ _ _ _ _ _ _ _ _ _ _ _ _ _ _ _ _ _ _ _ _ _ _ _ _ _ _ _ _ _ _ _ _ _ _ _ _ _ _ _ _ _ _ 

self = &lt;backtest_utils.config_loader.BacktestConfigLoader object at 0x13952df30&gt;

    def load_config(self) -&gt; Dict[str, Any]:
        """
        Load configuration from the specified file.
    
        Returns:
            Dictionary containing configuration parameters
    
        Raises:
            FileNotFoundError: If the config file doesn't exist
            json.JSONDecodeError: If the JSON file is malformed
        """
        try:
            with open(self.config_file, 'r') as f:
                self.config = json.load(f)
            return self.config
        except FileNotFoundError:
            raise FileNotFoundError(f"Configuration file not found: {self.config_file}")
        except json.JSONDecodeError as e:
&gt;           raise json.JSONDecodeError(f"Invalid JSON in configuration file: {e}", e.doc, e.pos)
E           json.decoder.JSONDecodeError: Invalid JSON in configuration file: Expecting value: line 2 column 1 (char 1): line 2 column 1 (char 1)

src/backtest_utils/config_loader.py:44: JSONDecodeError</failure></testcase><testcase classname="tests.unit.test_config_loader.TestBacktestConfigLoader" name="test_validate_config_success" time="0.001"><failure message="json.decoder.JSONDecodeError: Invalid JSON in configuration file: Expecting value: line 2 column 1 (char 1): line 2 column 1 (char 1)">self = &lt;backtest_utils.config_loader.BacktestConfigLoader object at 0x13952f950&gt;

    def load_config(self) -&gt; Dict[str, Any]:
        """
        Load configuration from the specified file.
    
        Returns:
            Dictionary containing configuration parameters
    
        Raises:
            FileNotFoundError: If the config file doesn't exist
            json.JSONDecodeError: If the JSON file is malformed
        """
        try:
            with open(self.config_file, 'r') as f:
&gt;               self.config = json.load(f)
                              ^^^^^^^^^^^^

src/backtest_utils/config_loader.py:39: 
_ _ _ _ _ _ _ _ _ _ _ _ _ _ _ _ _ _ _ _ _ _ _ _ _ _ _ _ _ _ _ _ _ _ _ _ _ _ _ _ _ _ _ _ _ _ _ _ _ _ _ _ _ _ 
/Library/Frameworks/Python.framework/Versions/3.13/lib/python3.13/json/__init__.py:293: in load
    return loads(fp.read(),
/Library/Frameworks/Python.framework/Versions/3.13/lib/python3.13/json/__init__.py:346: in loads
    return _default_decoder.decode(s)
           ^^^^^^^^^^^^^^^^^^^^^^^^^^
/Library/Frameworks/Python.framework/Versions/3.13/lib/python3.13/json/decoder.py:345: in decode
    obj, end = self.raw_decode(s, idx=_w(s, 0).end())
               ^^^^^^^^^^^^^^^^^^^^^^^^^^^^^^^^^^^^^^
_ _ _ _ _ _ _ _ _ _ _ _ _ _ _ _ _ _ _ _ _ _ _ _ _ _ _ _ _ _ _ _ _ _ _ _ _ _ _ _ _ _ _ _ _ _ _ _ _ _ _ _ _ _ 

self = &lt;json.decoder.JSONDecoder object at 0x1049af620&gt;
s = '\ninstrument_id: TEST.INST.ID\nstart_time: 2025-01-01T00:00:00\nend_time: 2025-01-02T00:00:00\ncatalog_path: /tmp/catalog\nsl_pct: 0.01\ntp_pct: 0.02\n'
idx = 1

    def raw_decode(self, s, idx=0):
        """Decode a JSON document from ``s`` (a ``str`` beginning with
        a JSON document) and return a 2-tuple of the Python
        representation and the index in ``s`` where the document ended.
    
        This can be used to decode a JSON document from a string that may
        have extraneous data at the end.
    
        """
        try:
            obj, end = self.scan_once(s, idx)
        except StopIteration as err:
&gt;           raise JSONDecodeError("Expecting value", s, err.value) from None
E           json.decoder.JSONDecodeError: Expecting value: line 2 column 1 (char 1)

/Library/Frameworks/Python.framework/Versions/3.13/lib/python3.13/json/decoder.py:363: JSONDecodeError

During handling of the above exception, another exception occurred:

self = &lt;tests.unit.test_config_loader.TestBacktestConfigLoader object at 0x139073530&gt;
setup_config_file = '/private/var/folders/vn/jyys7lwd3579v3jfh3xj1cw40000gn/T/pytest-of-nitindhawan/pytest-0/test_validate_config_success0/test_strategy.yaml'

    def test_validate_config_success(self, setup_config_file):
        config_loader = BacktestConfigLoader(setup_config_file)
&gt;       assert config_loader.validate_config() is True
               ^^^^^^^^^^^^^^^^^^^^^^^^^^^^^^^

tests/unit/test_config_loader.py:90: 
_ _ _ _ _ _ _ _ _ _ _ _ _ _ _ _ _ _ _ _ _ _ _ _ _ _ _ _ _ _ _ _ _ _ _ _ _ _ _ _ _ _ _ _ _ _ _ _ _ _ _ _ _ _ 
src/backtest_utils/config_loader.py:72: in validate_config
    self.load_config()
_ _ _ _ _ _ _ _ _ _ _ _ _ _ _ _ _ _ _ _ _ _ _ _ _ _ _ _ _ _ _ _ _ _ _ _ _ _ _ _ _ _ _ _ _ _ _ _ _ _ _ _ _ _ 

self = &lt;backtest_utils.config_loader.BacktestConfigLoader object at 0x13952f950&gt;

    def load_config(self) -&gt; Dict[str, Any]:
        """
        Load configuration from the specified file.
    
        Returns:
            Dictionary containing configuration parameters
    
        Raises:
            FileNotFoundError: If the config file doesn't exist
            json.JSONDecodeError: If the JSON file is malformed
        """
        try:
            with open(self.config_file, 'r') as f:
                self.config = json.load(f)
            return self.config
        except FileNotFoundError:
            raise FileNotFoundError(f"Configuration file not found: {self.config_file}")
        except json.JSONDecodeError as e:
&gt;           raise json.JSONDecodeError(f"Invalid JSON in configuration file: {e}", e.doc, e.pos)
E           json.decoder.JSONDecodeError: Invalid JSON in configuration file: Expecting value: line 2 column 1 (char 1): line 2 column 1 (char 1)

src/backtest_utils/config_loader.py:44: JSONDecodeError</failure></testcase><testcase classname="tests.unit.test_config_loader.TestBacktestConfigLoader" name="test_validate_config_missing_field" time="0.001"><failure message="AssertionError: Regex pattern did not match.&#10; Regex: 'Missing required configuration field: catalog_path'&#10; Input: 'Invalid JSON in configuration file: Expecting value: line 2 column 1 (char 1): line 2 column 1 (char 1)'">self = &lt;backtest_utils.config_loader.BacktestConfigLoader object at 0x1390f3e30&gt;

    def load_config(self) -&gt; Dict[str, Any]:
        """
        Load configuration from the specified file.
    
        Returns:
            Dictionary containing configuration parameters
    
        Raises:
            FileNotFoundError: If the config file doesn't exist
            json.JSONDecodeError: If the JSON file is malformed
        """
        try:
            with open(self.config_file, 'r') as f:
&gt;               self.config = json.load(f)
                              ^^^^^^^^^^^^

src/backtest_utils/config_loader.py:39: 
_ _ _ _ _ _ _ _ _ _ _ _ _ _ _ _ _ _ _ _ _ _ _ _ _ _ _ _ _ _ _ _ _ _ _ _ _ _ _ _ _ _ _ _ _ _ _ _ _ _ _ _ _ _ 
/Library/Frameworks/Python.framework/Versions/3.13/lib/python3.13/json/__init__.py:293: in load
    return loads(fp.read(),
/Library/Frameworks/Python.framework/Versions/3.13/lib/python3.13/json/__init__.py:346: in loads
    return _default_decoder.decode(s)
           ^^^^^^^^^^^^^^^^^^^^^^^^^^
/Library/Frameworks/Python.framework/Versions/3.13/lib/python3.13/json/decoder.py:345: in decode
    obj, end = self.raw_decode(s, idx=_w(s, 0).end())
               ^^^^^^^^^^^^^^^^^^^^^^^^^^^^^^^^^^^^^^
_ _ _ _ _ _ _ _ _ _ _ _ _ _ _ _ _ _ _ _ _ _ _ _ _ _ _ _ _ _ _ _ _ _ _ _ _ _ _ _ _ _ _ _ _ _ _ _ _ _ _ _ _ _ 

self = &lt;json.decoder.JSONDecoder object at 0x1049af620&gt;
s = '\ninstrument_id: MISSING.FIELD.ID\nstart_time: 2025-01-01T00:00:00\nend_time: 2025-01-02T00:00:00\n# catalog_path is missing\n'
idx = 1

    def raw_decode(self, s, idx=0):
        """Decode a JSON document from ``s`` (a ``str`` beginning with
        a JSON document) and return a 2-tuple of the Python
        representation and the index in ``s`` where the document ended.
    
        This can be used to decode a JSON document from a string that may
        have extraneous data at the end.
    
        """
        try:
            obj, end = self.scan_once(s, idx)
        except StopIteration as err:
&gt;           raise JSONDecodeError("Expecting value", s, err.value) from None
E           json.decoder.JSONDecodeError: Expecting value: line 2 column 1 (char 1)

/Library/Frameworks/Python.framework/Versions/3.13/lib/python3.13/json/decoder.py:363: JSONDecodeError

During handling of the above exception, another exception occurred:

self = &lt;tests.unit.test_config_loader.TestBacktestConfigLoader object at 0x13903aad0&gt;
setup_missing_field_config_file = '/private/var/folders/vn/jyys7lwd3579v3jfh3xj1cw40000gn/T/pytest-of-nitindhawan/pytest-0/test_validate_config_missing_f0/missing_field.yaml'

    def test_validate_config_missing_field(self, setup_missing_field_config_file):
        config_loader = BacktestConfigLoader(setup_missing_field_config_file)
        with pytest.raises(ValueError, match="Missing required configuration field: catalog_path"):
&gt;           config_loader.validate_config()

tests/unit/test_config_loader.py:95: 
_ _ _ _ _ _ _ _ _ _ _ _ _ _ _ _ _ _ _ _ _ _ _ _ _ _ _ _ _ _ _ _ _ _ _ _ _ _ _ _ _ _ _ _ _ _ _ _ _ _ _ _ _ _ 
src/backtest_utils/config_loader.py:72: in validate_config
    self.load_config()
_ _ _ _ _ _ _ _ _ _ _ _ _ _ _ _ _ _ _ _ _ _ _ _ _ _ _ _ _ _ _ _ _ _ _ _ _ _ _ _ _ _ _ _ _ _ _ _ _ _ _ _ _ _ 

self = &lt;backtest_utils.config_loader.BacktestConfigLoader object at 0x1390f3e30&gt;

    def load_config(self) -&gt; Dict[str, Any]:
        """
        Load configuration from the specified file.
    
        Returns:
            Dictionary containing configuration parameters
    
        Raises:
            FileNotFoundError: If the config file doesn't exist
            json.JSONDecodeError: If the JSON file is malformed
        """
        try:
            with open(self.config_file, 'r') as f:
                self.config = json.load(f)
            return self.config
        except FileNotFoundError:
            raise FileNotFoundError(f"Configuration file not found: {self.config_file}")
        except json.JSONDecodeError as e:
&gt;           raise json.JSONDecodeError(f"Invalid JSON in configuration file: {e}", e.doc, e.pos)
E           json.decoder.JSONDecodeError: Invalid JSON in configuration file: Expecting value: line 2 column 1 (char 1): line 2 column 1 (char 1)

src/backtest_utils/config_loader.py:44: JSONDecodeError

During handling of the above exception, another exception occurred:

self = &lt;tests.unit.test_config_loader.TestBacktestConfigLoader object at 0x13903aad0&gt;
setup_missing_field_config_file = '/private/var/folders/vn/jyys7lwd3579v3jfh3xj1cw40000gn/T/pytest-of-nitindhawan/pytest-0/test_validate_config_missing_f0/missing_field.yaml'

    def test_validate_config_missing_field(self, setup_missing_field_config_file):
        config_loader = BacktestConfigLoader(setup_missing_field_config_file)
&gt;       with pytest.raises(ValueError, match="Missing required configuration field: catalog_path"):
             ^^^^^^^^^^^^^^^^^^^^^^^^^^^^^^^^^^^^^^^^^^^^^^^^^^^^^^^^^^^^^^^^^^^^^^^^^^^^^^^^^^^^^
E       AssertionError: Regex pattern did not match.
E        Regex: 'Missing required configuration field: catalog_path'
E        Input: 'Invalid JSON in configuration file: Expecting value: line 2 column 1 (char 1): line 2 column 1 (char 1)'

tests/unit/test_config_loader.py:94: AssertionError</failure></testcase><testcase classname="tests.unit.test_config_loader.TestBacktestConfigLoader" name="test_get_strategy_config" time="0.001"><failure message="AttributeError: 'BacktestConfigLoader' object has no attribute 'get_strategy_config'">self = &lt;tests.unit.test_config_loader.TestBacktestConfigLoader object at 0x13903abe0&gt;
setup_config_file = '/private/var/folders/vn/jyys7lwd3579v3jfh3xj1cw40000gn/T/pytest-of-nitindhawan/pytest-0/test_get_strategy_config0/test_strategy.yaml'

    def test_get_strategy_config(self, setup_config_file):
        config_loader = BacktestConfigLoader(setup_config_file)
&gt;       strategy_config = config_loader.get_strategy_config("OVERRIDE.INST.ID")
                          ^^^^^^^^^^^^^^^^^^^^^^^^^^^^^^^^^
E       AttributeError: 'BacktestConfigLoader' object has no attribute 'get_strategy_config'

tests/unit/test_config_loader.py:99: AttributeError</failure></testcase><testcase classname="tests.unit.test_config_loader.TestBacktestConfigLoader" name="test_get_strategy_config_from_yaml_if_no_cli_override" time="0.001"><failure message="AttributeError: 'BacktestConfigLoader' object has no attribute 'get_strategy_config'">self = &lt;tests.unit.test_config_loader.TestBacktestConfigLoader object at 0x1390e8950&gt;
setup_config_file = '/private/var/folders/vn/jyys7lwd3579v3jfh3xj1cw40000gn/T/pytest-of-nitindhawan/pytest-0/test_get_strategy_config_from_0/test_strategy.yaml'

    def test_get_strategy_config_from_yaml_if_no_cli_override(self, setup_config_file):
        config_loader = BacktestConfigLoader(setup_config_file)
&gt;       strategy_config = config_loader.get_strategy_config(None) # No CLI override
                          ^^^^^^^^^^^^^^^^^^^^^^^^^^^^^^^^^
E       AttributeError: 'BacktestConfigLoader' object has no attribute 'get_strategy_config'

tests/unit/test_config_loader.py:106: AttributeError</failure></testcase><testcase classname="tests.unit.test_config_loader.TestBacktestConfigLoader" name="test_get_strategy_config_no_instrument_id" time="0.001"><failure message="AttributeError: 'BacktestConfigLoader' object has no attribute 'get_strategy_config'">self = &lt;tests.unit.test_config_loader.TestBacktestConfigLoader object at 0x1390e8750&gt;
tmp_path = PosixPath('/private/var/folders/vn/jyys7lwd3579v3jfh3xj1cw40000gn/T/pytest-of-nitindhawan/pytest-0/test_get_strategy_config_no_in0')

        def test_get_strategy_config_no_instrument_id(self, tmp_path):
            no_inst_config_content = """
    start_time: 2025-01-01T00:00:00
    end_time: 2025-01-02T00:00:00
    catalog_path: /tmp/catalog
    """
            config_file = tmp_path / "no_instrument.yaml"
            config_file.write_text(no_inst_config_content)
            config_loader = BacktestConfigLoader(str(config_file))
            with pytest.raises(ValueError, match="No instrument_id provided"):
&gt;               config_loader.get_strategy_config(None)
                ^^^^^^^^^^^^^^^^^^^^^^^^^^^^^^^^^
E               AttributeError: 'BacktestConfigLoader' object has no attribute 'get_strategy_config'

tests/unit/test_config_loader.py:119: AttributeError</failure></testcase><testcase classname="tests.unit.test_config_loader.TestBacktestConfigLoader" name="test_get_backtest_params" time="0.001"><failure message="AttributeError: 'BacktestConfigLoader' object has no attribute 'get_backtest_params'">self = &lt;tests.unit.test_config_loader.TestBacktestConfigLoader object at 0x139099130&gt;
setup_config_file = '/private/var/folders/vn/jyys7lwd3579v3jfh3xj1cw40000gn/T/pytest-of-nitindhawan/pytest-0/test_get_backtest_params0/test_strategy.yaml'

    def test_get_backtest_params(self, setup_config_file):
        config_loader = BacktestConfigLoader(setup_config_file)
&gt;       params = config_loader.get_backtest_params("2025-02-01T00:00:00", "2025-02-02T00:00:00")
                 ^^^^^^^^^^^^^^^^^^^^^^^^^^^^^^^^^
E       AttributeError: 'BacktestConfigLoader' object has no attribute 'get_backtest_params'

tests/unit/test_config_loader.py:123: AttributeError</failure></testcase><testcase classname="tests.unit.test_config_loader.TestBacktestConfigLoader" name="test_get_backtest_params_from_config" time="0.001"><failure message="json.decoder.JSONDecodeError: Invalid JSON in configuration file: Expecting value: line 2 column 1 (char 1): line 2 column 1 (char 1)">self = &lt;backtest_utils.config_loader.BacktestConfigLoader object at 0x13956c160&gt;

    def load_config(self) -&gt; Dict[str, Any]:
        """
        Load configuration from the specified file.
    
        Returns:
            Dictionary containing configuration parameters
    
        Raises:
            FileNotFoundError: If the config file doesn't exist
            json.JSONDecodeError: If the JSON file is malformed
        """
        try:
            with open(self.config_file, 'r') as f:
&gt;               self.config = json.load(f)
                              ^^^^^^^^^^^^

src/backtest_utils/config_loader.py:39: 
_ _ _ _ _ _ _ _ _ _ _ _ _ _ _ _ _ _ _ _ _ _ _ _ _ _ _ _ _ _ _ _ _ _ _ _ _ _ _ _ _ _ _ _ _ _ _ _ _ _ _ _ _ _ 
/Library/Frameworks/Python.framework/Versions/3.13/lib/python3.13/json/__init__.py:293: in load
    return loads(fp.read(),
/Library/Frameworks/Python.framework/Versions/3.13/lib/python3.13/json/__init__.py:346: in loads
    return _default_decoder.decode(s)
           ^^^^^^^^^^^^^^^^^^^^^^^^^^
/Library/Frameworks/Python.framework/Versions/3.13/lib/python3.13/json/decoder.py:345: in decode
    obj, end = self.raw_decode(s, idx=_w(s, 0).end())
               ^^^^^^^^^^^^^^^^^^^^^^^^^^^^^^^^^^^^^^
_ _ _ _ _ _ _ _ _ _ _ _ _ _ _ _ _ _ _ _ _ _ _ _ _ _ _ _ _ _ _ _ _ _ _ _ _ _ _ _ _ _ _ _ _ _ _ _ _ _ _ _ _ _ 

self = &lt;json.decoder.JSONDecoder object at 0x1049af620&gt;
s = '\ninstrument_id: TEST.INST.ID\nstart_time: 2025-01-01T00:00:00\nend_time: 2025-01-02T00:00:00\ncatalog_path: /tmp/catalog\nsl_pct: 0.01\ntp_pct: 0.02\n'
idx = 1

    def raw_decode(self, s, idx=0):
        """Decode a JSON document from ``s`` (a ``str`` beginning with
        a JSON document) and return a 2-tuple of the Python
        representation and the index in ``s`` where the document ended.
    
        This can be used to decode a JSON document from a string that may
        have extraneous data at the end.
    
        """
        try:
            obj, end = self.scan_once(s, idx)
        except StopIteration as err:
&gt;           raise JSONDecodeError("Expecting value", s, err.value) from None
E           json.decoder.JSONDecodeError: Expecting value: line 2 column 1 (char 1)

/Library/Frameworks/Python.framework/Versions/3.13/lib/python3.13/json/decoder.py:363: JSONDecodeError

During handling of the above exception, another exception occurred:

self = &lt;tests.unit.test_config_loader.TestBacktestConfigLoader object at 0x139099220&gt;
setup_config_file = '/private/var/folders/vn/jyys7lwd3579v3jfh3xj1cw40000gn/T/pytest-of-nitindhawan/pytest-0/test_get_backtest_params_from_0/test_strategy.yaml'

    def test_get_backtest_params_from_config(self, setup_config_file):
        config_loader = BacktestConfigLoader(setup_config_file)
        # Ensure initial config is loaded, then test with no overrides
&gt;       config_loader.load_config()

tests/unit/test_config_loader.py:132: 
_ _ _ _ _ _ _ _ _ _ _ _ _ _ _ _ _ _ _ _ _ _ _ _ _ _ _ _ _ _ _ _ _ _ _ _ _ _ _ _ _ _ _ _ _ _ _ _ _ _ _ _ _ _ 

self = &lt;backtest_utils.config_loader.BacktestConfigLoader object at 0x13956c160&gt;

    def load_config(self) -&gt; Dict[str, Any]:
        """
        Load configuration from the specified file.
    
        Returns:
            Dictionary containing configuration parameters
    
        Raises:
            FileNotFoundError: If the config file doesn't exist
            json.JSONDecodeError: If the JSON file is malformed
        """
        try:
            with open(self.config_file, 'r') as f:
                self.config = json.load(f)
            return self.config
        except FileNotFoundError:
            raise FileNotFoundError(f"Configuration file not found: {self.config_file}")
        except json.JSONDecodeError as e:
&gt;           raise json.JSONDecodeError(f"Invalid JSON in configuration file: {e}", e.doc, e.pos)
E           json.decoder.JSONDecodeError: Invalid JSON in configuration file: Expecting value: line 2 column 1 (char 1): line 2 column 1 (char 1)

src/backtest_utils/config_loader.py:44: JSONDecodeError</failure></testcase><testcase classname="tests.unit.test_csv_to_parquet_converter" name="test_csv_to_parquet_conversion_runs" time="0.866" /><testcase classname="tests.unit.test_data_loader.TestDataManager" name="test_get_all_instrument_ids" time="0.017"><failure message="AttributeError: 'DataManager' object has no attribute 'get_all_instrument_ids'">self = &lt;tests.unit.test_data_loader.TestDataManager object at 0x1381dafd0&gt;
setup_catalog_for_data_loader = ('/private/var/folders/vn/jyys7lwd3579v3jfh3xj1cw40000gn/T/pytest-of-nitindhawan/pytest-0/test_dataloader_catalog0/cat...,100,100,1750238100000000000), QuoteTick(NIFTY.OPT.19Jun2025.24800.PUT.NSE,100.60,101.60,120,120,1750238160000000000)])

    def test_get_all_instrument_ids(self, setup_catalog_for_data_loader):
        catalog_path, _, expected_instrument_id, _ = setup_catalog_for_data_loader
        data_manager = DataManager(catalog_path=catalog_path)
&gt;       instrument_ids = data_manager.get_all_instrument_ids()
                         ^^^^^^^^^^^^^^^^^^^^^^^^^^^^^^^^^^^
E       AttributeError: 'DataManager' object has no attribute 'get_all_instrument_ids'

tests/unit/test_data_loader.py:100: AttributeError</failure></testcase><testcase classname="tests.unit.test_data_loader.TestDataManager" name="test_get_instrument" time="0.000"><failure message="AttributeError: 'DataManager' object has no attribute 'get_instrument'">self = &lt;tests.unit.test_data_loader.TestDataManager object at 0x1381dad50&gt;
setup_catalog_for_data_loader = ('/private/var/folders/vn/jyys7lwd3579v3jfh3xj1cw40000gn/T/pytest-of-nitindhawan/pytest-0/test_dataloader_catalog0/cat...,100,100,1750238100000000000), QuoteTick(NIFTY.OPT.19Jun2025.24800.PUT.NSE,100.60,101.60,120,120,1750238160000000000)])

    def test_get_instrument(self, setup_catalog_for_data_loader):
        catalog_path, _, expected_instrument_id, _ = setup_catalog_for_data_loader
        data_manager = DataManager(catalog_path=catalog_path)
&gt;       instrument = data_manager.get_instrument(expected_instrument_id)
                     ^^^^^^^^^^^^^^^^^^^^^^^^^^^
E       AttributeError: 'DataManager' object has no attribute 'get_instrument'

tests/unit/test_data_loader.py:107: AttributeError</failure></testcase><testcase classname="tests.unit.test_data_loader.TestDataManager" name="test_get_instrument_not_found" time="0.000"><failure message="AttributeError: 'DataManager' object has no attribute 'get_instrument'">self = &lt;tests.unit.test_data_loader.TestDataManager object at 0x13952c050&gt;
setup_catalog_for_data_loader = ('/private/var/folders/vn/jyys7lwd3579v3jfh3xj1cw40000gn/T/pytest-of-nitindhawan/pytest-0/test_dataloader_catalog0/cat...,100,100,1750238100000000000), QuoteTick(NIFTY.OPT.19Jun2025.24800.PUT.NSE,100.60,101.60,120,120,1750238160000000000)])

    def test_get_instrument_not_found(self, setup_catalog_for_data_loader):
        catalog_path, _, _, _ = setup_catalog_for_data_loader
        data_manager = DataManager(catalog_path=catalog_path)
        with pytest.raises(ValueError, match="Instrument not found"):
&gt;           data_manager.get_instrument("NON_EXISTENT.INSTRUMENT.ID")
            ^^^^^^^^^^^^^^^^^^^^^^^^^^^
E           AttributeError: 'DataManager' object has no attribute 'get_instrument'

tests/unit/test_data_loader.py:115: AttributeError</failure></testcase><testcase classname="tests.unit.test_data_loader.TestDataManager" name="test_get_quote_ticks" time="0.000"><failure message="AttributeError: 'DataManager' object has no attribute 'get_quote_ticks'">self = &lt;tests.unit.test_data_loader.TestDataManager object at 0x13952c180&gt;
setup_catalog_for_data_loader = ('/private/var/folders/vn/jyys7lwd3579v3jfh3xj1cw40000gn/T/pytest-of-nitindhawan/pytest-0/test_dataloader_catalog0/cat...,100,100,1750238100000000000), QuoteTick(NIFTY.OPT.19Jun2025.24800.PUT.NSE,100.60,101.60,120,120,1750238160000000000)])

    def test_get_quote_ticks(self, setup_catalog_for_data_loader):
        catalog_path, _, expected_instrument_id, expected_ticks = setup_catalog_for_data_loader
        data_manager = DataManager(catalog_path=catalog_path)
        start_time = "2025-06-18T09:15:00"
        end_time = "2025-06-18T09:16:00"
&gt;       ticks = data_manager.get_quote_ticks(expected_instrument_id, start_time, end_time)
                ^^^^^^^^^^^^^^^^^^^^^^^^^^^^
E       AttributeError: 'DataManager' object has no attribute 'get_quote_ticks'

tests/unit/test_data_loader.py:122: AttributeError</failure></testcase><testcase classname="tests.unit.test_data_loader.TestDataManager" name="test_validate_instrument_data_exists" time="0.000"><failure message="AttributeError: 'DataManager' object has no attribute 'validate_instrument_data'. Did you mean: 'load_instrument_data'?">self = &lt;tests.unit.test_data_loader.TestDataManager object at 0x1390f1370&gt;
setup_catalog_for_data_loader = ('/private/var/folders/vn/jyys7lwd3579v3jfh3xj1cw40000gn/T/pytest-of-nitindhawan/pytest-0/test_dataloader_catalog0/cat...,100,100,1750238100000000000), QuoteTick(NIFTY.OPT.19Jun2025.24800.PUT.NSE,100.60,101.60,120,120,1750238160000000000)])

    def test_validate_instrument_data_exists(self, setup_catalog_for_data_loader):
        catalog_path, _, expected_instrument_id, _ = setup_catalog_for_data_loader
        data_manager = DataManager(catalog_path=catalog_path)
        start_time = "2025-06-18T09:15:00"
        end_time = "2025-06-18T09:16:00"
&gt;       assert data_manager.validate_instrument_data(expected_instrument_id, start_time, end_time) is True
               ^^^^^^^^^^^^^^^^^^^^^^^^^^^^^^^^^^^^^
E       AttributeError: 'DataManager' object has no attribute 'validate_instrument_data'. Did you mean: 'load_instrument_data'?

tests/unit/test_data_loader.py:131: AttributeError</failure></testcase><testcase classname="tests.unit.test_data_loader.TestDataManager" name="test_validate_instrument_data_not_exists" time="0.000"><failure message="AttributeError: 'DataManager' object has no attribute 'validate_instrument_data'. Did you mean: 'load_instrument_data'?">self = &lt;tests.unit.test_data_loader.TestDataManager object at 0x13903ae00&gt;
setup_catalog_for_data_loader = ('/private/var/folders/vn/jyys7lwd3579v3jfh3xj1cw40000gn/T/pytest-of-nitindhawan/pytest-0/test_dataloader_catalog0/cat...,100,100,1750238100000000000), QuoteTick(NIFTY.OPT.19Jun2025.24800.PUT.NSE,100.60,101.60,120,120,1750238160000000000)])

    def test_validate_instrument_data_not_exists(self, setup_catalog_for_data_loader):
        catalog_path, _, _, _ = setup_catalog_for_data_loader
        data_manager = DataManager(catalog_path=catalog_path)
        # Test non-existent instrument
&gt;       assert data_manager.validate_instrument_data("NON_EXISTENT.ID", "2025-01-01", "2025-01-02") is False
               ^^^^^^^^^^^^^^^^^^^^^^^^^^^^^^^^^^^^^
E       AttributeError: 'DataManager' object has no attribute 'validate_instrument_data'. Did you mean: 'load_instrument_data'?

tests/unit/test_data_loader.py:137: AttributeError</failure></testcase><testcase classname="tests.unit.test_engine_manager.TestEngineManager" name="test_create_engine" time="0.000"><failure message="AttributeError: 'BacktestEngineLauncher' object has no attribute 'create_engine'">self = &lt;tests.unit.test_engine_manager.TestEngineManager object at 0x1381db110&gt;

    def test_create_engine(self):
        manager = BacktestEngineLauncher()
&gt;       engine = manager.create_engine()
                 ^^^^^^^^^^^^^^^^^^^^^
E       AttributeError: 'BacktestEngineLauncher' object has no attribute 'create_engine'

tests/unit/test_engine_manager.py:70: AttributeError</failure></testcase><testcase classname="tests.unit.test_engine_manager.TestEngineManager" name="test_setup_venue" time="0.012"><failure message="AttributeError: 'BacktestEngineLauncher' object has no attribute 'setup_venue'">self = &lt;tests.unit.test_engine_manager.TestEngineManager object at 0x1381db390&gt;
mock_engine = &lt;Mock spec='BacktestEngine' id='5252246096'&gt;

    def test_setup_venue(self, mock_engine):
        manager = BacktestEngineLauncher()
&gt;       manager.setup_venue(mock_engine)
        ^^^^^^^^^^^^^^^^^^^
E       AttributeError: 'BacktestEngineLauncher' object has no attribute 'setup_venue'

tests/unit/test_engine_manager.py:81: AttributeError</failure></testcase><testcase classname="tests.unit.test_engine_manager.TestEngineManager" name="test_add_instrument" time="0.001"><failure message="AttributeError: 'BacktestEngineLauncher' object has no attribute 'add_instrument'">self = &lt;tests.unit.test_engine_manager.TestEngineManager object at 0x12d6bfa80&gt;
mock_engine = &lt;Mock spec='BacktestEngine' id='5257693904'&gt;, mock_instrument = &lt;Mock id='5257697936'&gt;

    def test_add_instrument(self, mock_engine, mock_instrument):
        manager = BacktestEngineLauncher()
&gt;       manager.add_instrument(mock_engine, mock_instrument)
        ^^^^^^^^^^^^^^^^^^^^^^
E       AttributeError: 'BacktestEngineLauncher' object has no attribute 'add_instrument'

tests/unit/test_engine_manager.py:92: AttributeError</failure></testcase><testcase classname="tests.unit.test_engine_manager.TestEngineManager" name="test_add_data" time="0.001"><failure message="AttributeError: 'BacktestEngineLauncher' object has no attribute 'add_data'">self = &lt;tests.unit.test_engine_manager.TestEngineManager object at 0x13952c2b0&gt;
mock_engine = &lt;Mock spec='BacktestEngine' id='5257698272'&gt;
mock_quote_ticks = [&lt;Mock id='5257702976'&gt;, &lt;Mock id='5257703312'&gt;, &lt;Mock id='5257703648'&gt;, &lt;Mock id='5257703984'&gt;, &lt;Mock id='5257704320'&gt;]

    def test_add_data(self, mock_engine, mock_quote_ticks):
        manager = BacktestEngineLauncher()
&gt;       manager.add_data(mock_engine, mock_quote_ticks)
        ^^^^^^^^^^^^^^^^
E       AttributeError: 'BacktestEngineLauncher' object has no attribute 'add_data'

tests/unit/test_engine_manager.py:97: AttributeError</failure></testcase><testcase classname="tests.unit.test_engine_manager.TestEngineManager" name="test_add_strategy" time="0.001"><failure message="AttributeError: 'BacktestEngineLauncher' object has no attribute 'add_strategy'">self = &lt;tests.unit.test_engine_manager.TestEngineManager object at 0x139071b50&gt;
mock_engine = &lt;Mock spec='BacktestEngine' id='5257702304'&gt;, mock_strategy = &lt;Mock id='5258691312'&gt;

    def test_add_strategy(self, mock_engine, mock_strategy):
        manager = BacktestEngineLauncher()
&gt;       manager.add_strategy(mock_engine, mock_strategy)
        ^^^^^^^^^^^^^^^^^^^^
E       AttributeError: 'BacktestEngineLauncher' object has no attribute 'add_strategy'

tests/unit/test_engine_manager.py:102: AttributeError</failure></testcase><testcase classname="tests.unit.test_engine_manager.TestEngineManager" name="test_run_backtest" time="0.001"><failure message="TypeError: BacktestEngineLauncher.run_backtest() missing 3 required positional arguments: 'run_config', 'data', and 'strategy_configs'">self = &lt;tests.unit.test_engine_manager.TestEngineManager object at 0x13903af10&gt;
mock_engine = &lt;Mock spec='BacktestEngine' id='5258691648'&gt;

    def test_run_backtest(self, mock_engine):
        manager = BacktestEngineLauncher()
&gt;       manager.run_backtest(mock_engine)
E       TypeError: BacktestEngineLauncher.run_backtest() missing 3 required positional arguments: 'run_config', 'data', and 'strategy_configs'

tests/unit/test_engine_manager.py:107: TypeError</failure></testcase><testcase classname="tests.unit.test_engine_manager.TestEngineManager" name="test_get_results_basic" time="0.001"><failure message="AttributeError: 'BacktestEngineLauncher' object has no attribute 'get_results'">self = &lt;tests.unit.test_engine_manager.TestEngineManager object at 0x13903acf0&gt;
mock_engine = &lt;Mock spec='BacktestEngine' id='5258695680'&gt;

    def test_get_results_basic(self, mock_engine):
        manager = BacktestEngineLauncher()
        mock_result = Mock()
        mock_result.account_balances = None # Simulate initial state
        mock_engine.get_result.return_value = mock_result
    
&gt;       result = manager.get_results(mock_engine)
                 ^^^^^^^^^^^^^^^^^^^
E       AttributeError: 'BacktestEngineLauncher' object has no attribute 'get_results'

tests/unit/test_engine_manager.py:116: AttributeError</failure></testcase><testcase classname="tests.unit.test_engine_manager.TestEngineManager" name="test_get_results_with_account_cache" time="0.001"><failure message="AttributeError: 'BacktestEngineLauncher' object has no attribute 'get_results'">self = &lt;tests.unit.test_engine_manager.TestEngineManager object at 0x1390e8c50&gt;
mock_engine = &lt;Mock spec='BacktestEngine' id='5258700048'&gt;

    def test_get_results_with_account_cache(self, mock_engine):
        manager = BacktestEngineLauncher()
        mock_account = Mock()
        mock_account.balance_total = MagicMock(return_value=12345.67)
        mock_account.balance_free = MagicMock(return_value=10000.00)
        mock_account.balance_locked = MagicMock(return_value=2345.67)
        mock_account.account_id = "ACC1"
        mock_account.base_currency = INR
        mock_engine.cache.accounts.return_value = [mock_account]
    
        mock_result = Mock()
        mock_result.account_balances = None
        mock_engine.get_result.return_value = mock_result
    
&gt;       result = manager.get_results(mock_engine)
                 ^^^^^^^^^^^^^^^^^^^
E       AttributeError: 'BacktestEngineLauncher' object has no attribute 'get_results'

tests/unit/test_engine_manager.py:138: AttributeError</failure></testcase><testcase classname="tests.unit.test_engine_manager.TestEngineManager" name="test_cleanup" time="0.000"><failure message="AttributeError: 'BacktestEngineLauncher' object has no attribute 'cleanup'">self = &lt;tests.unit.test_engine_manager.TestEngineManager object at 0x1390e8b50&gt;

    def test_cleanup(self):
        manager = BacktestEngineLauncher()
        manager.engine = Mock() # Set a mock engine to be cleaned up
&gt;       manager.cleanup()
        ^^^^^^^^^^^^^^^
E       AttributeError: 'BacktestEngineLauncher' object has no attribute 'cleanup'

tests/unit/test_engine_manager.py:147: AttributeError</failure></testcase><testcase classname="tests.unit.test_engine_manager.TestEngineManager" name="test_create_engine_config" time="0.000"><failure message="TypeError: Unexpected keyword argument 'log_file_path'">self = &lt;tests.unit.test_engine_manager.TestEngineManager object at 0x1390995e0&gt;

    def test_create_engine_config(self):
        manager = BacktestEngineLauncher()
&gt;       config = manager.create_engine_config(
            log_level="DEBUG",
            log_file_path="/tmp/test_log.log",
            bypass_risk_engine=False
        )

tests/unit/test_engine_manager.py:152: 
_ _ _ _ _ _ _ _ _ _ _ _ _ _ _ _ _ _ _ _ _ _ _ _ _ _ _ _ _ _ _ _ _ _ _ _ _ _ _ _ _ _ _ _ _ _ _ _ _ _ _ _ _ _ 

self = &lt;backtest_utils.engine_launcher.BacktestEngineLauncher object at 0x1396d4350&gt;, log_level = 'DEBUG'
log_file_path = '/tmp/test_log.log', bypass_risk_engine = False

    def create_engine_config(
        self,
        log_level: str = "INFO",
        log_file_path: Optional[str] = None,
        bypass_risk_engine: bool = True
    ) -&gt; BacktestEngineConfig:
        """
        Create a backtest engine configuration.
    
        Args:
            log_level: Logging level
            log_file_path: Path to log file
            bypass_risk_engine: Whether to bypass risk engine
    
        Returns:
            BacktestEngineConfig object
        """
        return BacktestEngineConfig(
&gt;           logging=LoggingConfig(
                log_level=log_level,
                log_file_path=log_file_path,
            ),
            risk_engine=RiskEngineConfig(
                bypass=bypass_risk_engine,
                max_order_submit_rate="100/00:00:01",
                max_order_modify_rate="100/00:00:01",
                max_notional_per_order=1_000_000,
            ),
        )
E       TypeError: Unexpected keyword argument 'log_file_path'

src/backtest_utils/engine_launcher.py:127: TypeError</failure></testcase><testcase classname="tests.unit.test_report_generator.TestReportGenerator" name="test_write_summary_only" time="0.001"><failure message="AttributeError: 'ReportGenerator' object has no attribute '_safe_float_format'">self = &lt;tests.unit.test_report_generator.TestReportGenerator object at 0x1381dbc50&gt;
report_output_dir = '/private/var/folders/vn/jyys7lwd3579v3jfh3xj1cw40000gn/T/pytest-of-nitindhawan/pytest-0/report_output0'
dummy_summary_data = {'balance_free': 900000.0, 'balance_locked': 10000.0, 'base_currency': 'INR', 'currency': 'INR', ...}

    def test_write_summary_only(self, report_output_dir, dummy_summary_data):
        reporter = ReportGenerator(base_dir=report_output_dir)
        log_file = os.path.join(report_output_dir, "test_summary_only.log")
&gt;       reporter.write_summary_only(log_file, dummy_summary_data)

tests/unit/test_report_generator.py:128: 
_ _ _ _ _ _ _ _ _ _ _ _ _ _ _ _ _ _ _ _ _ _ _ _ _ _ _ _ _ _ _ _ _ _ _ _ _ _ _ _ _ _ _ _ _ _ _ _ _ _ _ _ _ _ 

self = &lt;backtest_utils.report_generator.ReportGenerator object at 0x139623cb0&gt;
log_file = '/private/var/folders/vn/jyys7lwd3579v3jfh3xj1cw40000gn/T/pytest-of-nitindhawan/pytest-0/report_output0/test_summary_only.log'
summary_data = {'balance_free': 900000.0, 'balance_locked': 10000.0, 'base_currency': 'INR', 'currency': 'INR', ...}

    def write_summary_only(self, log_file: str, summary_data: Dict[str, Any]) -&gt; None:
        """Write only the backtest summary (no trade breakdown) to log file."""
        with open(log_file, "a") as f:
            f.write("================================================================================\n")
            f.write("BACKTEST RESULTS SUMMARY\n")
            f.write("================================================================================\n")
            f.write(f"Instrument ID: {summary_data['instrument_id']}\n")
            # Use _safe_float_format for all numerical values
&gt;           f.write(f"Total PnL: {self._safe_float_format(summary_data.get('pnl_total'), '{:,.2f}', 'N/A')} {summary_data.get('currency', 'INR')}\n")
                                  ^^^^^^^^^^^^^^^^^^^^^^^
E           AttributeError: 'ReportGenerator' object has no attribute '_safe_float_format'

src/backtest_utils/report_generator.py:205: AttributeError</failure></testcase><testcase classname="tests.unit.test_report_generator.TestReportGenerator" name="test_print_order_data" time="0.001" /><testcase classname="tests.unit.test_report_generator.TestReportGenerator" name="test_print_position_data" time="0.001" /><testcase classname="tests.unit.test_report_generator.TestReportGenerator" name="test_print_trade_data" time="0.001" /><testcase classname="tests.unit.test_report_generator.TestReportGenerator" name="test_write_batch_results_summary" time="0.001" /><testcase classname="tests.unit.test_report_generator.TestReportGenerator" name="test_create_consolidated_summary" time="0.001" /><testcase classname="tests.unit.test_report_generator.TestReportGenerator" name="test_create_tabular_summary" time="0.001" /><testcase classname="tests.unit.test_results_aggregator.TestResultsAggregator" name="test_aggregate_results_success" time="0.001" /><testcase classname="tests.unit.test_results_aggregator.TestResultsAggregator" name="test_aggregate_results_with_failures" time="0.000" /><testcase classname="tests.unit.test_results_aggregator.TestResultsAggregator" name="test_aggregate_results_empty_list" time="0.000" /><testcase classname="tests.unit.test_results_aggregator.TestResultsAggregator" name="test_save_aggregated_results" time="0.001" /><testcase classname="tests.unit.test_results_aggregator.TestResultsAggregator" name="test_extract_pnl_data_from_stats_pnls" time="0.000"><failure message="AttributeError: 'ResultsAggregator' object has no attribute 'extract_pnl_data'">self = &lt;tests.unit.test_results_aggregator.TestResultsAggregator object at 0x1390f2690&gt;
dummy_backtest_results_for_aggregator = [{'result': &lt;tests.unit.test_results_aggregator.dummy_backtest_results_for_aggregator.&lt;locals&gt;.MockBacktestResult obje...unit.test_results_aggregator.dummy_backtest_results_for_aggregator.&lt;locals&gt;.MockBacktestResult object at 0x13957a990&gt;}]
dummy_detailed_data = {'account': {'base_currency': 'INR', 'ending_balance': 105000.0, 'starting_balance': 100000.0}, 'last_prices': {}, 'orders': [], 'positions': [], ...}

    def test_extract_pnl_data_from_stats_pnls(self, dummy_backtest_results_for_aggregator, dummy_detailed_data):
        # Use the raw MockBacktestResult directly for this test
        mock_result = dummy_backtest_results_for_aggregator[0]["result"]
        aggregator = ResultsAggregator()
&gt;       pnl_data = aggregator.extract_pnl_data(mock_result, dummy_detailed_data)
                   ^^^^^^^^^^^^^^^^^^^^^^^^^^^
E       AttributeError: 'ResultsAggregator' object has no attribute 'extract_pnl_data'

tests/unit/test_results_aggregator.py:122: AttributeError</failure></testcase><testcase classname="tests.unit.test_results_aggregator.TestResultsAggregator" name="test_calculate_investment" time="0.000"><failure message="AttributeError: 'ResultsAggregator' object has no attribute 'calculate_investment'">self = &lt;tests.unit.test_results_aggregator.TestResultsAggregator object at 0x13903b570&gt;

    def test_calculate_investment(self):
        aggregator = ResultsAggregator()
        trades = [
            {"side": "BUY", "price": "100.0", "quantity": "10"},
            {"side": "SELL", "price": "105.0", "quantity": "5"},
            {"side": "BUY", "price": "90.0", "quantity": "20"},
        ]
&gt;       investment = aggregator.calculate_investment(trades)
                     ^^^^^^^^^^^^^^^^^^^^^^^^^^^^^^^
E       AttributeError: 'ResultsAggregator' object has no attribute 'calculate_investment'

tests/unit/test_results_aggregator.py:137: AttributeError</failure></testcase><testcase classname="tests.unit.test_results_aggregator.TestResultsAggregator" name="test_create_summary_data_single_mode" time="0.000"><failure message="AttributeError: 'ResultsAggregator' object has no attribute 'create_summary_data'">self = &lt;tests.unit.test_results_aggregator.TestResultsAggregator object at 0x13903b460&gt;
dummy_backtest_results_for_aggregator = [{'result': &lt;tests.unit.test_results_aggregator.dummy_backtest_results_for_aggregator.&lt;locals&gt;.MockBacktestResult obje...unit.test_results_aggregator.dummy_backtest_results_for_aggregator.&lt;locals&gt;.MockBacktestResult object at 0x13957b250&gt;}]
dummy_detailed_data = {'account': {'base_currency': 'INR', 'ending_balance': 105000.0, 'starting_balance': 100000.0}, 'last_prices': {}, 'orders': [], 'positions': [], ...}

    def test_create_summary_data_single_mode(self, dummy_backtest_results_for_aggregator, dummy_detailed_data):
        aggregator = ResultsAggregator()
        mock_result = dummy_backtest_results_for_aggregator[0]["result"]
    
        # Simulate that there are some trades for investment calculation
        dummy_detailed_data["trades"] = [
            {"side": "BUY", "price": "100.0", "quantity": "10"},
        ]
    
&gt;       summary_data = aggregator.create_summary_data(mock_result, dummy_detailed_data, "TEST.INST.ID", batch_mode=False)
                       ^^^^^^^^^^^^^^^^^^^^^^^^^^^^^^
E       AttributeError: 'ResultsAggregator' object has no attribute 'create_summary_data'

tests/unit/test_results_aggregator.py:149: AttributeError</failure></testcase><testcase classname="tests.unit.test_results_aggregator.TestResultsAggregator" name="test_create_summary_data_batch_mode" time="0.000"><failure message="AttributeError: 'ResultsAggregator' object has no attribute 'create_summary_data'">self = &lt;tests.unit.test_results_aggregator.TestResultsAggregator object at 0x1390e8f50&gt;
dummy_backtest_results_for_aggregator = [{'account': {'base_currency': 'INR', 'ending_balance': 105000.0, 'starting_balance': 100000.0}, 'detailed_data': {'ac...unit.test_results_aggregator.dummy_backtest_results_for_aggregator.&lt;locals&gt;.MockBacktestResult object at 0x13957afd0&gt;}]
dummy_detailed_data = {'account': {'base_currency': 'INR', 'ending_balance': 105000.0, 'starting_balance': 100000.0}, 'last_prices': {}, 'orders': [], 'positions': [], ...}

    def test_create_summary_data_batch_mode(self, dummy_backtest_results_for_aggregator, dummy_detailed_data):
        aggregator = ResultsAggregator()
        mock_result_dict = dummy_backtest_results_for_aggregator[0] # This is the dict containing "result": MockBacktestResult
    
        # Add necessary fields to the dictionary for batch_mode handling
        mock_result_dict['total_orders'] = 10
        mock_result_dict['total_positions'] = 5
        mock_result_dict['total_trades'] = 8
        mock_result_dict['detailed_data'] = dummy_detailed_data # Ensure this is passed
        mock_result_dict['account'] = dummy_detailed_data['account'] # Ensure this is passed
    
        # Simulate that there are some trades for investment calculation
        dummy_detailed_data["trades"] = [
            {"side": "BUY", "price": "100.0", "quantity": "10"},
        ]
    
&gt;       summary_data = aggregator.create_summary_data(mock_result_dict, dummy_detailed_data, "BATCH.TEST.ID", batch_mode=True)
                       ^^^^^^^^^^^^^^^^^^^^^^^^^^^^^^
E       AttributeError: 'ResultsAggregator' object has no attribute 'create_summary_data'

tests/unit/test_results_aggregator.py:176: AttributeError</failure></testcase></testsuite></testsuites>